    1   19.0000    0.0000    0.0000
   22   19.0000   90.0000    0.0000
   24   19.0000    5.0000    0.0000
   25   19.0000   10.0000    0.0000
   26   19.0000   15.0000    0.0000
   27   19.0000   20.0000    0.0000
   28   19.0000   25.0000    0.0000
   29   19.0000   30.0000    0.0000
   30   19.0000   35.0000    0.0000
   31   19.0000   40.0000    0.0000
   32   19.0000   45.0000    0.0000
   33   19.0000   50.0000    0.0000
   34   19.0000   55.0000    0.0000
   35   19.0000   60.0000    0.0000
   36   19.0000   65.0000    0.0000
   37   19.0000   70.0000    0.0000
   38   19.0000   75.0000    0.0000
   39   19.0000   80.0000    0.0000
   40   19.0000   85.0000    0.0000
   58   19.0000    0.0000   -6.0000
   79   19.0000   90.0000   -6.0000
   81   19.0000   85.0000   -6.0000
   82   19.0000   80.0000   -6.0000
   83   19.0000   75.0000   -6.0000
   84   19.0000   70.0000   -6.0000
   85   19.0000   65.0000   -6.0000
   86   19.0000   60.0000   -6.0000
   87   19.0000   55.0000   -6.0000
   88   19.0000   50.0000   -6.0000
   89   19.0000   45.0000   -6.0000
   90   19.0000   40.0000   -6.0000
   91   19.0000   35.0000   -6.0000
   92   19.0000   30.0000   -6.0000
   93   19.0000   25.0000   -6.0000
   94   19.0000   20.0000   -6.0000
   95   19.0000   15.0000   -6.0000
   96   19.0000   10.0000   -6.0000
   97   19.0000    5.0000   -6.0000
  125   19.0000    0.0000   -1.0000
  126   19.0000    0.0000   -2.0000
  127   19.0000    0.0000   -3.0000
  128   19.0000    0.0000   -4.0000
  129   19.0000    0.0000   -5.0000
  130   19.0000   90.0000   -1.0000
  131   19.0000   90.0000   -2.0000
  132   19.0000   90.0000   -3.0000
  133   19.0000   90.0000   -4.0000
  134   19.0000   90.0000   -5.0000
  220   19.0000    5.0000   -1.0000
  221   19.0000    5.0000   -2.0000
  222   19.0000    5.0000   -3.0000
  223   19.0000    5.0000   -4.0000
  224   19.0000    5.0000   -5.0000
  225   19.0000   10.0000   -1.0000
  226   19.0000   10.0000   -2.0000
  227   19.0000   10.0000   -3.0000
  228   19.0000   10.0000   -4.0000
  229   19.0000   10.0000   -5.0000
  230   19.0000   15.0000   -1.0000
  231   19.0000   15.0000   -2.0000
  232   19.0000   15.0000   -3.0000
  233   19.0000   15.0000   -4.0000
  234   19.0000   15.0000   -5.0000
  235   19.0000   20.0000   -1.0000
  236   19.0000   20.0000   -2.0000
  237   19.0000   20.0000   -3.0000
  238   19.0000   20.0000   -4.0000
  239   19.0000   20.0000   -5.0000
  240   19.0000   25.0000   -1.0000
  241   19.0000   25.0000   -2.0000
  242   19.0000   25.0000   -3.0000
  243   19.0000   25.0000   -4.0000
  244   19.0000   25.0000   -5.0000
  245   19.0000   30.0000   -1.0000
  246   19.0000   30.0000   -2.0000
  247   19.0000   30.0000   -3.0000
  248   19.0000   30.0000   -4.0000
  249   19.0000   30.0000   -5.0000
  250   19.0000   35.0000   -1.0000
  251   19.0000   35.0000   -2.0000
  252   19.0000   35.0000   -3.0000
  253   19.0000   35.0000   -4.0000
  254   19.0000   35.0000   -5.0000
  255   19.0000   40.0000   -1.0000
  256   19.0000   40.0000   -2.0000
  257   19.0000   40.0000   -3.0000
  258   19.0000   40.0000   -4.0000
  259   19.0000   40.0000   -5.0000
  260   19.0000   45.0000   -1.0000
  261   19.0000   45.0000   -2.0000
  262   19.0000   45.0000   -3.0000
  263   19.0000   45.0000   -4.0000
  264   19.0000   45.0000   -5.0000
  265   19.0000   50.0000   -1.0000
  266   19.0000   50.0000   -2.0000
  267   19.0000   50.0000   -3.0000
  268   19.0000   50.0000   -4.0000
  269   19.0000   50.0000   -5.0000
  270   19.0000   55.0000   -1.0000
  271   19.0000   55.0000   -2.0000
  272   19.0000   55.0000   -3.0000
  273   19.0000   55.0000   -4.0000
  274   19.0000   55.0000   -5.0000
  275   19.0000   60.0000   -1.0000
  276   19.0000   60.0000   -2.0000
  277   19.0000   60.0000   -3.0000
  278   19.0000   60.0000   -4.0000
  279   19.0000   60.0000   -5.0000
  280   19.0000   65.0000   -1.0000
  281   19.0000   65.0000   -2.0000
  282   19.0000   65.0000   -3.0000
  283   19.0000   65.0000   -4.0000
  284   19.0000   65.0000   -5.0000
  285   19.0000   70.0000   -1.0000
  286   19.0000   70.0000   -2.0000
  287   19.0000   70.0000   -3.0000
  288   19.0000   70.0000   -4.0000
  289   19.0000   70.0000   -5.0000
  290   19.0000   75.0000   -1.0000
  291   19.0000   75.0000   -2.0000
  292   19.0000   75.0000   -3.0000
  293   19.0000   75.0000   -4.0000
  294   19.0000   75.0000   -5.0000
  295   19.0000   80.0000   -1.0000
  296   19.0000   80.0000   -2.0000
  297   19.0000   80.0000   -3.0000
  298   19.0000   80.0000   -4.0000
  299   19.0000   80.0000   -5.0000
  300   19.0000   85.0000   -1.0000
  301   19.0000   85.0000   -2.0000
  302   19.0000   85.0000   -3.0000
  303   19.0000   85.0000   -4.0000
  304   19.0000   85.0000   -5.0000
 1397   19.0000    0.0000    6.0000
 1399   19.0000    0.0000    1.0000
 1400   19.0000    0.0000    2.0000
 1401   19.0000    0.0000    3.0000
 1402   19.0000    0.0000    4.0000
 1403   19.0000    0.0000    5.0000
 1537   19.0000   90.0000    6.0000
 1538   19.0000   90.0000    1.0000
 1539   19.0000   90.0000    2.0000
 1540   19.0000   90.0000    3.0000
 1541   19.0000   90.0000    4.0000
 1542   19.0000   90.0000    5.0000
 1566   19.0000   85.0000    6.0000
 1567   19.0000   80.0000    6.0000
 1568   19.0000   75.0000    6.0000
 1569   19.0000   70.0000    6.0000
 1570   19.0000   65.0000    6.0000
 1571   19.0000   60.0000    6.0000
 1572   19.0000   55.0000    6.0000
 1573   19.0000   50.0000    6.0000
 1574   19.0000   45.0000    6.0000
 1575   19.0000   40.0000    6.0000
 1576   19.0000   35.0000    6.0000
 1577   19.0000   30.0000    6.0000
 1578   19.0000   25.0000    6.0000
 1579   19.0000   20.0000    6.0000
 1580   19.0000   15.0000    6.0000
 1581   19.0000   10.0000    6.0000
 1582   19.0000    5.0000    6.0000
 1583   19.0000    5.0000    1.0000
 1584   19.0000    5.0000    2.0000
 1585   19.0000    5.0000    3.0000
 1586   19.0000    5.0000    4.0000
 1587   19.0000    5.0000    5.0000
 1588   19.0000   10.0000    1.0000
 1589   19.0000   10.0000    2.0000
 1590   19.0000   10.0000    3.0000
 1591   19.0000   10.0000    4.0000
 1592   19.0000   10.0000    5.0000
 1593   19.0000   15.0000    1.0000
 1594   19.0000   15.0000    2.0000
 1595   19.0000   15.0000    3.0000
 1596   19.0000   15.0000    4.0000
 1597   19.0000   15.0000    5.0000
 1598   19.0000   20.0000    1.0000
 1599   19.0000   20.0000    2.0000
 1600   19.0000   20.0000    3.0000
 1601   19.0000   20.0000    4.0000
 1602   19.0000   20.0000    5.0000
 1603   19.0000   25.0000    1.0000
 1604   19.0000   25.0000    2.0000
 1605   19.0000   25.0000    3.0000
 1606   19.0000   25.0000    4.0000
 1607   19.0000   25.0000    5.0000
 1608   19.0000   30.0000    1.0000
 1609   19.0000   30.0000    2.0000
 1610   19.0000   30.0000    3.0000
 1611   19.0000   30.0000    4.0000
 1612   19.0000   30.0000    5.0000
 1613   19.0000   35.0000    1.0000
 1614   19.0000   35.0000    2.0000
 1615   19.0000   35.0000    3.0000
 1616   19.0000   35.0000    4.0000
 1617   19.0000   35.0000    5.0000
 1618   19.0000   40.0000    1.0000
 1619   19.0000   40.0000    2.0000
 1620   19.0000   40.0000    3.0000
 1621   19.0000   40.0000    4.0000
 1622   19.0000   40.0000    5.0000
 1623   19.0000   45.0000    1.0000
 1624   19.0000   45.0000    2.0000
 1625   19.0000   45.0000    3.0000
 1626   19.0000   45.0000    4.0000
 1627   19.0000   45.0000    5.0000
 1628   19.0000   50.0000    1.0000
 1629   19.0000   50.0000    2.0000
 1630   19.0000   50.0000    3.0000
 1631   19.0000   50.0000    4.0000
 1632   19.0000   50.0000    5.0000
 1633   19.0000   55.0000    1.0000
 1634   19.0000   55.0000    2.0000
 1635   19.0000   55.0000    3.0000
 1636   19.0000   55.0000    4.0000
 1637   19.0000   55.0000    5.0000
 1638   19.0000   60.0000    1.0000
 1639   19.0000   60.0000    2.0000
 1640   19.0000   60.0000    3.0000
 1641   19.0000   60.0000    4.0000
 1642   19.0000   60.0000    5.0000
 1643   19.0000   65.0000    1.0000
 1644   19.0000   65.0000    2.0000
 1645   19.0000   65.0000    3.0000
 1646   19.0000   65.0000    4.0000
 1647   19.0000   65.0000    5.0000
 1648   19.0000   70.0000    1.0000
 1649   19.0000   70.0000    2.0000
 1650   19.0000   70.0000    3.0000
 1651   19.0000   70.0000    4.0000
 1652   19.0000   70.0000    5.0000
 1653   19.0000   75.0000    1.0000
 1654   19.0000   75.0000    2.0000
 1655   19.0000   75.0000    3.0000
 1656   19.0000   75.0000    4.0000
 1657   19.0000   75.0000    5.0000
 1658   19.0000   80.0000    1.0000
 1659   19.0000   80.0000    2.0000
 1660   19.0000   80.0000    3.0000
 1661   19.0000   80.0000    4.0000
 1662   19.0000   80.0000    5.0000
 1663   19.0000   85.0000    1.0000
 1664   19.0000   85.0000    2.0000
 1665   19.0000   85.0000    3.0000
 1666   19.0000   85.0000    4.0000
 1667   19.0000   85.0000    5.0000
 2922   19.0000  -90.0000    0.0000
 2924   19.0000  -90.0000   -6.0000
 2925   19.0000  -90.0000   -1.0000
 2926   19.0000  -90.0000   -2.0000
 2927   19.0000  -90.0000   -3.0000
 2928   19.0000  -90.0000   -4.0000
 2929   19.0000  -90.0000   -5.0000
 2936   19.0000   -5.0000    0.0000
 2937   19.0000  -10.0000    0.0000
 2938   19.0000  -15.0000    0.0000
 2939   19.0000  -20.0000    0.0000
 2940   19.0000  -25.0000    0.0000
 2941   19.0000  -30.0000    0.0000
 2942   19.0000  -35.0000    0.0000
 2943   19.0000  -40.0000    0.0000
 2944   19.0000  -45.0000    0.0000
 2945   19.0000  -50.0000    0.0000
 2946   19.0000  -55.0000    0.0000
 2947   19.0000  -60.0000    0.0000
 2948   19.0000  -65.0000    0.0000
 2949   19.0000  -70.0000    0.0000
 2950   19.0000  -75.0000    0.0000
 2951   19.0000  -80.0000    0.0000
 2952   19.0000  -85.0000    0.0000
 2953   19.0000  -85.0000   -6.0000
 2954   19.0000  -80.0000   -6.0000
 2955   19.0000  -75.0000   -6.0000
 2956   19.0000  -70.0000   -6.0000
 2957   19.0000  -65.0000   -6.0000
 2958   19.0000  -60.0000   -6.0000
 2959   19.0000  -55.0000   -6.0000
 2960   19.0000  -50.0000   -6.0000
 2961   19.0000  -45.0000   -6.0000
 2962   19.0000  -40.0000   -6.0000
 2963   19.0000  -35.0000   -6.0000
 2964   19.0000  -30.0000   -6.0000
 2965   19.0000  -25.0000   -6.0000
 2966   19.0000  -20.0000   -6.0000
 2967   19.0000  -15.0000   -6.0000
 2968   19.0000  -10.0000   -6.0000
 2969   19.0000   -5.0000   -6.0000
 2970   19.0000   -5.0000   -1.0000
 2971   19.0000   -5.0000   -2.0000
 2972   19.0000   -5.0000   -3.0000
 2973   19.0000   -5.0000   -4.0000
 2974   19.0000   -5.0000   -5.0000
 2975   19.0000  -10.0000   -1.0000
 2976   19.0000  -10.0000   -2.0000
 2977   19.0000  -10.0000   -3.0000
 2978   19.0000  -10.0000   -4.0000
 2979   19.0000  -10.0000   -5.0000
 2980   19.0000  -15.0000   -1.0000
 2981   19.0000  -15.0000   -2.0000
 2982   19.0000  -15.0000   -3.0000
 2983   19.0000  -15.0000   -4.0000
 2984   19.0000  -15.0000   -5.0000
 2985   19.0000  -20.0000   -1.0000
 2986   19.0000  -20.0000   -2.0000
 2987   19.0000  -20.0000   -3.0000
 2988   19.0000  -20.0000   -4.0000
 2989   19.0000  -20.0000   -5.0000
 2990   19.0000  -25.0000   -1.0000
 2991   19.0000  -25.0000   -2.0000
 2992   19.0000  -25.0000   -3.0000
 2993   19.0000  -25.0000   -4.0000
 2994   19.0000  -25.0000   -5.0000
 2995   19.0000  -30.0000   -1.0000
 2996   19.0000  -30.0000   -2.0000
 2997   19.0000  -30.0000   -3.0000
 2998   19.0000  -30.0000   -4.0000
 2999   19.0000  -30.0000   -5.0000
 3000   19.0000  -35.0000   -1.0000
 3001   19.0000  -35.0000   -2.0000
 3002   19.0000  -35.0000   -3.0000
 3003   19.0000  -35.0000   -4.0000
 3004   19.0000  -35.0000   -5.0000
 3005   19.0000  -40.0000   -1.0000
 3006   19.0000  -40.0000   -2.0000
 3007   19.0000  -40.0000   -3.0000
 3008   19.0000  -40.0000   -4.0000
 3009   19.0000  -40.0000   -5.0000
 3010   19.0000  -45.0000   -1.0000
 3011   19.0000  -45.0000   -2.0000
 3012   19.0000  -45.0000   -3.0000
 3013   19.0000  -45.0000   -4.0000
 3014   19.0000  -45.0000   -5.0000
 3015   19.0000  -50.0000   -1.0000
 3016   19.0000  -50.0000   -2.0000
 3017   19.0000  -50.0000   -3.0000
 3018   19.0000  -50.0000   -4.0000
 3019   19.0000  -50.0000   -5.0000
 3020   19.0000  -55.0000   -1.0000
 3021   19.0000  -55.0000   -2.0000
 3022   19.0000  -55.0000   -3.0000
 3023   19.0000  -55.0000   -4.0000
 3024   19.0000  -55.0000   -5.0000
 3025   19.0000  -60.0000   -1.0000
 3026   19.0000  -60.0000   -2.0000
 3027   19.0000  -60.0000   -3.0000
 3028   19.0000  -60.0000   -4.0000
 3029   19.0000  -60.0000   -5.0000
 3030   19.0000  -65.0000   -1.0000
 3031   19.0000  -65.0000   -2.0000
 3032   19.0000  -65.0000   -3.0000
 3033   19.0000  -65.0000   -4.0000
 3034   19.0000  -65.0000   -5.0000
 3035   19.0000  -70.0000   -1.0000
 3036   19.0000  -70.0000   -2.0000
 3037   19.0000  -70.0000   -3.0000
 3038   19.0000  -70.0000   -4.0000
 3039   19.0000  -70.0000   -5.0000
 3040   19.0000  -75.0000   -1.0000
 3041   19.0000  -75.0000   -2.0000
 3042   19.0000  -75.0000   -3.0000
 3043   19.0000  -75.0000   -4.0000
 3044   19.0000  -75.0000   -5.0000
 3045   19.0000  -80.0000   -1.0000
 3046   19.0000  -80.0000   -2.0000
 3047   19.0000  -80.0000   -3.0000
 3048   19.0000  -80.0000   -4.0000
 3049   19.0000  -80.0000   -5.0000
 3050   19.0000  -85.0000   -1.0000
 3051   19.0000  -85.0000   -2.0000
 3052   19.0000  -85.0000   -3.0000
 3053   19.0000  -85.0000   -4.0000
 3054   19.0000  -85.0000   -5.0000
 4311   19.0000  -90.0000    6.0000
 4312   19.0000  -90.0000    1.0000
 4313   19.0000  -90.0000    2.0000
 4314   19.0000  -90.0000    3.0000
 4315   19.0000  -90.0000    4.0000
 4316   19.0000  -90.0000    5.0000
 4340   19.0000  -85.0000    6.0000
 4341   19.0000  -80.0000    6.0000
 4342   19.0000  -75.0000    6.0000
 4343   19.0000  -70.0000    6.0000
 4344   19.0000  -65.0000    6.0000
 4345   19.0000  -60.0000    6.0000
 4346   19.0000  -55.0000    6.0000
 4347   19.0000  -50.0000    6.0000
 4348   19.0000  -45.0000    6.0000
 4349   19.0000  -40.0000    6.0000
 4350   19.0000  -35.0000    6.0000
 4351   19.0000  -30.0000    6.0000
 4352   19.0000  -25.0000    6.0000
 4353   19.0000  -20.0000    6.0000
 4354   19.0000  -15.0000    6.0000
 4355   19.0000  -10.0000    6.0000
 4356   19.0000   -5.0000    6.0000
 4357   19.0000   -5.0000    1.0000
 4358   19.0000   -5.0000    2.0000
 4359   19.0000   -5.0000    3.0000
 4360   19.0000   -5.0000    4.0000
 4361   19.0000   -5.0000    5.0000
 4362   19.0000  -10.0000    1.0000
 4363   19.0000  -10.0000    2.0000
 4364   19.0000  -10.0000    3.0000
 4365   19.0000  -10.0000    4.0000
 4366   19.0000  -10.0000    5.0000
 4367   19.0000  -15.0000    1.0000
 4368   19.0000  -15.0000    2.0000
 4369   19.0000  -15.0000    3.0000
 4370   19.0000  -15.0000    4.0000
 4371   19.0000  -15.0000    5.0000
 4372   19.0000  -20.0000    1.0000
 4373   19.0000  -20.0000    2.0000
 4374   19.0000  -20.0000    3.0000
 4375   19.0000  -20.0000    4.0000
 4376   19.0000  -20.0000    5.0000
 4377   19.0000  -25.0000    1.0000
 4378   19.0000  -25.0000    2.0000
 4379   19.0000  -25.0000    3.0000
 4380   19.0000  -25.0000    4.0000
 4381   19.0000  -25.0000    5.0000
 4382   19.0000  -30.0000    1.0000
 4383   19.0000  -30.0000    2.0000
 4384   19.0000  -30.0000    3.0000
 4385   19.0000  -30.0000    4.0000
 4386   19.0000  -30.0000    5.0000
 4387   19.0000  -35.0000    1.0000
 4388   19.0000  -35.0000    2.0000
 4389   19.0000  -35.0000    3.0000
 4390   19.0000  -35.0000    4.0000
 4391   19.0000  -35.0000    5.0000
 4392   19.0000  -40.0000    1.0000
 4393   19.0000  -40.0000    2.0000
 4394   19.0000  -40.0000    3.0000
 4395   19.0000  -40.0000    4.0000
 4396   19.0000  -40.0000    5.0000
 4397   19.0000  -45.0000    1.0000
 4398   19.0000  -45.0000    2.0000
 4399   19.0000  -45.0000    3.0000
 4400   19.0000  -45.0000    4.0000
 4401   19.0000  -45.0000    5.0000
 4402   19.0000  -50.0000    1.0000
 4403   19.0000  -50.0000    2.0000
 4404   19.0000  -50.0000    3.0000
 4405   19.0000  -50.0000    4.0000
 4406   19.0000  -50.0000    5.0000
 4407   19.0000  -55.0000    1.0000
 4408   19.0000  -55.0000    2.0000
 4409   19.0000  -55.0000    3.0000
 4410   19.0000  -55.0000    4.0000
 4411   19.0000  -55.0000    5.0000
 4412   19.0000  -60.0000    1.0000
 4413   19.0000  -60.0000    2.0000
 4414   19.0000  -60.0000    3.0000
 4415   19.0000  -60.0000    4.0000
 4416   19.0000  -60.0000    5.0000
 4417   19.0000  -65.0000    1.0000
 4418   19.0000  -65.0000    2.0000
 4419   19.0000  -65.0000    3.0000
 4420   19.0000  -65.0000    4.0000
 4421   19.0000  -65.0000    5.0000
 4422   19.0000  -70.0000    1.0000
 4423   19.0000  -70.0000    2.0000
 4424   19.0000  -70.0000    3.0000
 4425   19.0000  -70.0000    4.0000
 4426   19.0000  -70.0000    5.0000
 4427   19.0000  -75.0000    1.0000
 4428   19.0000  -75.0000    2.0000
 4429   19.0000  -75.0000    3.0000
 4430   19.0000  -75.0000    4.0000
 4431   19.0000  -75.0000    5.0000
 4432   19.0000  -80.0000    1.0000
 4433   19.0000  -80.0000    2.0000
 4434   19.0000  -80.0000    3.0000
 4435   19.0000  -80.0000    4.0000
 4436   19.0000  -80.0000    5.0000
 4437   19.0000  -85.0000    1.0000
 4438   19.0000  -85.0000    2.0000
 4439   19.0000  -85.0000    3.0000
 4440   19.0000  -85.0000    4.0000
 4441   19.0000  -85.0000    5.0000
 5549   19.0000  180.0000    0.0000
 5558   19.0000  180.0000   -6.0000
 5560   19.0000  180.0000   -1.0000
 5561   19.0000  180.0000   -2.0000
 5562   19.0000  180.0000   -3.0000
 5563   19.0000  180.0000   -4.0000
 5564   19.0000  180.0000   -5.0000
 5710   19.0000  175.0000    0.0000
 5711   19.0000  170.0000    0.0000
 5712   19.0000  165.0000    0.0000
 5713   19.0000  160.0000    0.0000
 5714   19.0000  155.0000    0.0000
 5715   19.0000  150.0000    0.0000
 5716   19.0000  145.0000    0.0000
 5717   19.0000  140.0000    0.0000
 5718   19.0000  135.0000    0.0000
 5719   19.0000  130.0000    0.0000
 5720   19.0000  125.0000    0.0000
 5721   19.0000  120.0000    0.0000
 5722   19.0000  115.0000    0.0000
 5723   19.0000  110.0000    0.0000
 5724   19.0000  105.0000    0.0000
 5725   19.0000  100.0000    0.0000
 5726   19.0000   95.0000    0.0000
 5727   19.0000   95.0000   -6.0000
 5728   19.0000  100.0000   -6.0000
 5729   19.0000  105.0000   -6.0000
 5730   19.0000  110.0000   -6.0000
 5731   19.0000  115.0000   -6.0000
 5732   19.0000  120.0000   -6.0000
 5733   19.0000  125.0000   -6.0000
 5734   19.0000  130.0000   -6.0000
 5735   19.0000  135.0000   -6.0000
 5736   19.0000  140.0000   -6.0000
 5737   19.0000  145.0000   -6.0000
 5738   19.0000  150.0000   -6.0000
 5739   19.0000  155.0000   -6.0000
 5740   19.0000  160.0000   -6.0000
 5741   19.0000  165.0000   -6.0000
 5742   19.0000  170.0000   -6.0000
 5743   19.0000  175.0000   -6.0000
 5744   19.0000  175.0000   -1.0000
 5745   19.0000  175.0000   -2.0000
 5746   19.0000  175.0000   -3.0000
 5747   19.0000  175.0000   -4.0000
 5748   19.0000  175.0000   -5.0000
 5749   19.0000  170.0000   -1.0000
 5750   19.0000  170.0000   -2.0000
 5751   19.0000  170.0000   -3.0000
 5752   19.0000  170.0000   -4.0000
 5753   19.0000  170.0000   -5.0000
 5754   19.0000  165.0000   -1.0000
 5755   19.0000  165.0000   -2.0000
 5756   19.0000  165.0000   -3.0000
 5757   19.0000  165.0000   -4.0000
 5758   19.0000  165.0000   -5.0000
 5759   19.0000  160.0000   -1.0000
 5760   19.0000  160.0000   -2.0000
 5761   19.0000  160.0000   -3.0000
 5762   19.0000  160.0000   -4.0000
 5763   19.0000  160.0000   -5.0000
 5764   19.0000  155.0000   -1.0000
 5765   19.0000  155.0000   -2.0000
 5766   19.0000  155.0000   -3.0000
 5767   19.0000  155.0000   -4.0000
 5768   19.0000  155.0000   -5.0000
 5769   19.0000  150.0000   -1.0000
 5770   19.0000  150.0000   -2.0000
 5771   19.0000  150.0000   -3.0000
 5772   19.0000  150.0000   -4.0000
 5773   19.0000  150.0000   -5.0000
 5774   19.0000  145.0000   -1.0000
 5775   19.0000  145.0000   -2.0000
 5776   19.0000  145.0000   -3.0000
 5777   19.0000  145.0000   -4.0000
 5778   19.0000  145.0000   -5.0000
 5779   19.0000  140.0000   -1.0000
 5780   19.0000  140.0000   -2.0000
 5781   19.0000  140.0000   -3.0000
 5782   19.0000  140.0000   -4.0000
 5783   19.0000  140.0000   -5.0000
 5784   19.0000  135.0000   -1.0000
 5785   19.0000  135.0000   -2.0000
 5786   19.0000  135.0000   -3.0000
 5787   19.0000  135.0000   -4.0000
 5788   19.0000  135.0000   -5.0000
 5789   19.0000  130.0000   -1.0000
 5790   19.0000  130.0000   -2.0000
 5791   19.0000  130.0000   -3.0000
 5792   19.0000  130.0000   -4.0000
 5793   19.0000  130.0000   -5.0000
 5794   19.0000  125.0000   -1.0000
 5795   19.0000  125.0000   -2.0000
 5796   19.0000  125.0000   -3.0000
 5797   19.0000  125.0000   -4.0000
 5798   19.0000  125.0000   -5.0000
 5799   19.0000  120.0000   -1.0000
 5800   19.0000  120.0000   -2.0000
 5801   19.0000  120.0000   -3.0000
 5802   19.0000  120.0000   -4.0000
 5803   19.0000  120.0000   -5.0000
 5804   19.0000  115.0000   -1.0000
 5805   19.0000  115.0000   -2.0000
 5806   19.0000  115.0000   -3.0000
 5807   19.0000  115.0000   -4.0000
 5808   19.0000  115.0000   -5.0000
 5809   19.0000  110.0000   -1.0000
 5810   19.0000  110.0000   -2.0000
 5811   19.0000  110.0000   -3.0000
 5812   19.0000  110.0000   -4.0000
 5813   19.0000  110.0000   -5.0000
 5814   19.0000  105.0000   -1.0000
 5815   19.0000  105.0000   -2.0000
 5816   19.0000  105.0000   -3.0000
 5817   19.0000  105.0000   -4.0000
 5818   19.0000  105.0000   -5.0000
 5819   19.0000  100.0000   -1.0000
 5820   19.0000  100.0000   -2.0000
 5821   19.0000  100.0000   -3.0000
 5822   19.0000  100.0000   -4.0000
 5823   19.0000  100.0000   -5.0000
 5824   19.0000   95.0000   -1.0000
 5825   19.0000   95.0000   -2.0000
 5826   19.0000   95.0000   -3.0000
 5827   19.0000   95.0000   -4.0000
 5828   19.0000   95.0000   -5.0000
 6945   19.0000  180.0000    6.0000
 6947   19.0000  180.0000    1.0000
 6948   19.0000  180.0000    2.0000
 6949   19.0000  180.0000    3.0000
 6950   19.0000  180.0000    4.0000
 6951   19.0000  180.0000    5.0000
 7114   19.0000   95.0000    6.0000
 7115   19.0000  100.0000    6.0000
 7116   19.0000  105.0000    6.0000
 7117   19.0000  110.0000    6.0000
 7118   19.0000  115.0000    6.0000
 7119   19.0000  120.0000    6.0000
 7120   19.0000  125.0000    6.0000
 7121   19.0000  130.0000    6.0000
 7122   19.0000  135.0000    6.0000
 7123   19.0000  140.0000    6.0000
 7124   19.0000  145.0000    6.0000
 7125   19.0000  150.0000    6.0000
 7126   19.0000  155.0000    6.0000
 7127   19.0000  160.0000    6.0000
 7128   19.0000  165.0000    6.0000
 7129   19.0000  170.0000    6.0000
 7130   19.0000  175.0000    6.0000
 7131   19.0000  175.0000    1.0000
 7132   19.0000  175.0000    2.0000
 7133   19.0000  175.0000    3.0000
 7134   19.0000  175.0000    4.0000
 7135   19.0000  175.0000    5.0000
 7136   19.0000  170.0000    1.0000
 7137   19.0000  170.0000    2.0000
 7138   19.0000  170.0000    3.0000
 7139   19.0000  170.0000    4.0000
 7140   19.0000  170.0000    5.0000
 7141   19.0000  165.0000    1.0000
 7142   19.0000  165.0000    2.0000
 7143   19.0000  165.0000    3.0000
 7144   19.0000  165.0000    4.0000
 7145   19.0000  165.0000    5.0000
 7146   19.0000  160.0000    1.0000
 7147   19.0000  160.0000    2.0000
 7148   19.0000  160.0000    3.0000
 7149   19.0000  160.0000    4.0000
 7150   19.0000  160.0000    5.0000
 7151   19.0000  155.0000    1.0000
 7152   19.0000  155.0000    2.0000
 7153   19.0000  155.0000    3.0000
 7154   19.0000  155.0000    4.0000
 7155   19.0000  155.0000    5.0000
 7156   19.0000  150.0000    1.0000
 7157   19.0000  150.0000    2.0000
 7158   19.0000  150.0000    3.0000
 7159   19.0000  150.0000    4.0000
 7160   19.0000  150.0000    5.0000
 7161   19.0000  145.0000    1.0000
 7162   19.0000  145.0000    2.0000
 7163   19.0000  145.0000    3.0000
 7164   19.0000  145.0000    4.0000
 7165   19.0000  145.0000    5.0000
 7166   19.0000  140.0000    1.0000
 7167   19.0000  140.0000    2.0000
 7168   19.0000  140.0000    3.0000
 7169   19.0000  140.0000    4.0000
 7170   19.0000  140.0000    5.0000
 7171   19.0000  135.0000    1.0000
 7172   19.0000  135.0000    2.0000
 7173   19.0000  135.0000    3.0000
 7174   19.0000  135.0000    4.0000
 7175   19.0000  135.0000    5.0000
 7176   19.0000  130.0000    1.0000
 7177   19.0000  130.0000    2.0000
 7178   19.0000  130.0000    3.0000
 7179   19.0000  130.0000    4.0000
 7180   19.0000  130.0000    5.0000
 7181   19.0000  125.0000    1.0000
 7182   19.0000  125.0000    2.0000
 7183   19.0000  125.0000    3.0000
 7184   19.0000  125.0000    4.0000
 7185   19.0000  125.0000    5.0000
 7186   19.0000  120.0000    1.0000
 7187   19.0000  120.0000    2.0000
 7188   19.0000  120.0000    3.0000
 7189   19.0000  120.0000    4.0000
 7190   19.0000  120.0000    5.0000
 7191   19.0000  115.0000    1.0000
 7192   19.0000  115.0000    2.0000
 7193   19.0000  115.0000    3.0000
 7194   19.0000  115.0000    4.0000
 7195   19.0000  115.0000    5.0000
 7196   19.0000  110.0000    1.0000
 7197   19.0000  110.0000    2.0000
 7198   19.0000  110.0000    3.0000
 7199   19.0000  110.0000    4.0000
 7200   19.0000  110.0000    5.0000
 7201   19.0000  105.0000    1.0000
 7202   19.0000  105.0000    2.0000
 7203   19.0000  105.0000    3.0000
 7204   19.0000  105.0000    4.0000
 7205   19.0000  105.0000    5.0000
 7206   19.0000  100.0000    1.0000
 7207   19.0000  100.0000    2.0000
 7208   19.0000  100.0000    3.0000
 7209   19.0000  100.0000    4.0000
 7210   19.0000  100.0000    5.0000
 7211   19.0000   95.0000    1.0000
 7212   19.0000   95.0000    2.0000
 7213   19.0000   95.0000    3.0000
 7214   19.0000   95.0000    4.0000
 7215   19.0000   95.0000    5.0000
 8484   19.0000 -175.0000    0.0000
 8485   19.0000 -170.0000    0.0000
 8486   19.0000 -165.0000    0.0000
 8487   19.0000 -160.0000    0.0000
 8488   19.0000 -155.0000    0.0000
 8489   19.0000 -150.0000    0.0000
 8490   19.0000 -145.0000    0.0000
 8491   19.0000 -140.0000    0.0000
 8492   19.0000 -135.0000    0.0000
 8493   19.0000 -130.0000    0.0000
 8494   19.0000 -125.0000    0.0000
 8495   19.0000 -120.0000    0.0000
 8496   19.0000 -115.0000    0.0000
 8497   19.0000 -110.0000    0.0000
 8498   19.0000 -105.0000    0.0000
 8499   19.0000 -100.0000    0.0000
 8500   19.0000  -95.0000    0.0000
 8501   19.0000  -95.0000   -6.0000
 8502   19.0000 -100.0000   -6.0000
 8503   19.0000 -105.0000   -6.0000
 8504   19.0000 -110.0000   -6.0000
 8505   19.0000 -115.0000   -6.0000
 8506   19.0000 -120.0000   -6.0000
 8507   19.0000 -125.0000   -6.0000
 8508   19.0000 -130.0000   -6.0000
 8509   19.0000 -135.0000   -6.0000
 8510   19.0000 -140.0000   -6.0000
 8511   19.0000 -145.0000   -6.0000
 8512   19.0000 -150.0000   -6.0000
 8513   19.0000 -155.0000   -6.0000
 8514   19.0000 -160.0000   -6.0000
 8515   19.0000 -165.0000   -6.0000
 8516   19.0000 -170.0000   -6.0000
 8517   19.0000 -175.0000   -6.0000
 8518   19.0000 -175.0000   -1.0000
 8519   19.0000 -175.0000   -2.0000
 8520   19.0000 -175.0000   -3.0000
 8521   19.0000 -175.0000   -4.0000
 8522   19.0000 -175.0000   -5.0000
 8523   19.0000 -170.0000   -1.0000
 8524   19.0000 -170.0000   -2.0000
 8525   19.0000 -170.0000   -3.0000
 8526   19.0000 -170.0000   -4.0000
 8527   19.0000 -170.0000   -5.0000
 8528   19.0000 -165.0000   -1.0000
 8529   19.0000 -165.0000   -2.0000
 8530   19.0000 -165.0000   -3.0000
 8531   19.0000 -165.0000   -4.0000
 8532   19.0000 -165.0000   -5.0000
 8533   19.0000 -160.0000   -1.0000
 8534   19.0000 -160.0000   -2.0000
 8535   19.0000 -160.0000   -3.0000
 8536   19.0000 -160.0000   -4.0000
 8537   19.0000 -160.0000   -5.0000
 8538   19.0000 -155.0000   -1.0000
 8539   19.0000 -155.0000   -2.0000
 8540   19.0000 -155.0000   -3.0000
 8541   19.0000 -155.0000   -4.0000
 8542   19.0000 -155.0000   -5.0000
 8543   19.0000 -150.0000   -1.0000
 8544   19.0000 -150.0000   -2.0000
 8545   19.0000 -150.0000   -3.0000
 8546   19.0000 -150.0000   -4.0000
 8547   19.0000 -150.0000   -5.0000
 8548   19.0000 -145.0000   -1.0000
 8549   19.0000 -145.0000   -2.0000
 8550   19.0000 -145.0000   -3.0000
 8551   19.0000 -145.0000   -4.0000
 8552   19.0000 -145.0000   -5.0000
 8553   19.0000 -140.0000   -1.0000
 8554   19.0000 -140.0000   -2.0000
 8555   19.0000 -140.0000   -3.0000
 8556   19.0000 -140.0000   -4.0000
 8557   19.0000 -140.0000   -5.0000
 8558   19.0000 -135.0000   -1.0000
 8559   19.0000 -135.0000   -2.0000
 8560   19.0000 -135.0000   -3.0000
 8561   19.0000 -135.0000   -4.0000
 8562   19.0000 -135.0000   -5.0000
 8563   19.0000 -130.0000   -1.0000
 8564   19.0000 -130.0000   -2.0000
 8565   19.0000 -130.0000   -3.0000
 8566   19.0000 -130.0000   -4.0000
 8567   19.0000 -130.0000   -5.0000
 8568   19.0000 -125.0000   -1.0000
 8569   19.0000 -125.0000   -2.0000
 8570   19.0000 -125.0000   -3.0000
 8571   19.0000 -125.0000   -4.0000
 8572   19.0000 -125.0000   -5.0000
 8573   19.0000 -120.0000   -1.0000
 8574   19.0000 -120.0000   -2.0000
 8575   19.0000 -120.0000   -3.0000
 8576   19.0000 -120.0000   -4.0000
 8577   19.0000 -120.0000   -5.0000
 8578   19.0000 -115.0000   -1.0000
 8579   19.0000 -115.0000   -2.0000
 8580   19.0000 -115.0000   -3.0000
 8581   19.0000 -115.0000   -4.0000
 8582   19.0000 -115.0000   -5.0000
 8583   19.0000 -110.0000   -1.0000
 8584   19.0000 -110.0000   -2.0000
 8585   19.0000 -110.0000   -3.0000
 8586   19.0000 -110.0000   -4.0000
 8587   19.0000 -110.0000   -5.0000
 8588   19.0000 -105.0000   -1.0000
 8589   19.0000 -105.0000   -2.0000
 8590   19.0000 -105.0000   -3.0000
 8591   19.0000 -105.0000   -4.0000
 8592   19.0000 -105.0000   -5.0000
 8593   19.0000 -100.0000   -1.0000
 8594   19.0000 -100.0000   -2.0000
 8595   19.0000 -100.0000   -3.0000
 8596   19.0000 -100.0000   -4.0000
 8597   19.0000 -100.0000   -5.0000
 8598   19.0000  -95.0000   -1.0000
 8599   19.0000  -95.0000   -2.0000
 8600   19.0000  -95.0000   -3.0000
 8601   19.0000  -95.0000   -4.0000
 8602   19.0000  -95.0000   -5.0000
 9888   19.0000  -95.0000    6.0000
 9889   19.0000 -100.0000    6.0000
 9890   19.0000 -105.0000    6.0000
 9891   19.0000 -110.0000    6.0000
 9892   19.0000 -115.0000    6.0000
 9893   19.0000 -120.0000    6.0000
 9894   19.0000 -125.0000    6.0000
 9895   19.0000 -130.0000    6.0000
 9896   19.0000 -135.0000    6.0000
 9897   19.0000 -140.0000    6.0000
 9898   19.0000 -145.0000    6.0000
 9899   19.0000 -150.0000    6.0000
 9900   19.0000 -155.0000    6.0000
 9901   19.0000 -160.0000    6.0000
 9902   19.0000 -165.0000    6.0000
 9903   19.0000 -170.0000    6.0000
 9904   19.0000 -175.0000    6.0000
 9905   19.0000 -175.0000    1.0000
 9906   19.0000 -175.0000    2.0000
 9907   19.0000 -175.0000    3.0000
 9908   19.0000 -175.0000    4.0000
 9909   19.0000 -175.0000    5.0000
 9910   19.0000 -170.0000    1.0000
 9911   19.0000 -170.0000    2.0000
 9912   19.0000 -170.0000    3.0000
 9913   19.0000 -170.0000    4.0000
 9914   19.0000 -170.0000    5.0000
 9915   19.0000 -165.0000    1.0000
 9916   19.0000 -165.0000    2.0000
 9917   19.0000 -165.0000    3.0000
 9918   19.0000 -165.0000    4.0000
 9919   19.0000 -165.0000    5.0000
 9920   19.0000 -160.0000    1.0000
 9921   19.0000 -160.0000    2.0000
 9922   19.0000 -160.0000    3.0000
 9923   19.0000 -160.0000    4.0000
 9924   19.0000 -160.0000    5.0000
 9925   19.0000 -155.0000    1.0000
 9926   19.0000 -155.0000    2.0000
 9927   19.0000 -155.0000    3.0000
 9928   19.0000 -155.0000    4.0000
 9929   19.0000 -155.0000    5.0000
 9930   19.0000 -150.0000    1.0000
 9931   19.0000 -150.0000    2.0000
 9932   19.0000 -150.0000    3.0000
 9933   19.0000 -150.0000    4.0000
 9934   19.0000 -150.0000    5.0000
 9935   19.0000 -145.0000    1.0000
 9936   19.0000 -145.0000    2.0000
 9937   19.0000 -145.0000    3.0000
 9938   19.0000 -145.0000    4.0000
 9939   19.0000 -145.0000    5.0000
 9940   19.0000 -140.0000    1.0000
 9941   19.0000 -140.0000    2.0000
 9942   19.0000 -140.0000    3.0000
 9943   19.0000 -140.0000    4.0000
 9944   19.0000 -140.0000    5.0000
 9945   19.0000 -135.0000    1.0000
 9946   19.0000 -135.0000    2.0000
 9947   19.0000 -135.0000    3.0000
 9948   19.0000 -135.0000    4.0000
 9949   19.0000 -135.0000    5.0000
 9950   19.0000 -130.0000    1.0000
 9951   19.0000 -130.0000    2.0000
 9952   19.0000 -130.0000    3.0000
 9953   19.0000 -130.0000    4.0000
 9954   19.0000 -130.0000    5.0000
 9955   19.0000 -125.0000    1.0000
 9956   19.0000 -125.0000    2.0000
 9957   19.0000 -125.0000    3.0000
 9958   19.0000 -125.0000    4.0000
 9959   19.0000 -125.0000    5.0000
 9960   19.0000 -120.0000    1.0000
 9961   19.0000 -120.0000    2.0000
 9962   19.0000 -120.0000    3.0000
 9963   19.0000 -120.0000    4.0000
 9964   19.0000 -120.0000    5.0000
 9965   19.0000 -115.0000    1.0000
 9966   19.0000 -115.0000    2.0000
 9967   19.0000 -115.0000    3.0000
 9968   19.0000 -115.0000    4.0000
 9969   19.0000 -115.0000    5.0000
 9970   19.0000 -110.0000    1.0000
 9971   19.0000 -110.0000    2.0000
 9972   19.0000 -110.0000    3.0000
 9973   19.0000 -110.0000    4.0000
 9974   19.0000 -110.0000    5.0000
 9975   19.0000 -105.0000    1.0000
 9976   19.0000 -105.0000    2.0000
 9977   19.0000 -105.0000    3.0000
 9978   19.0000 -105.0000    4.0000
 9979   19.0000 -105.0000    5.0000
 9980   19.0000 -100.0000    1.0000
 9981   19.0000 -100.0000    2.0000
 9982   19.0000 -100.0000    3.0000
 9983   19.0000 -100.0000    4.0000
 9984   19.0000 -100.0000    5.0000
 9985   19.0000  -95.0000    1.0000
 9986   19.0000  -95.0000    2.0000
 9987   19.0000  -95.0000    3.0000
 9988   19.0000  -95.0000    4.0000
 9989   19.0000  -95.0000    5.0000
